<?xml version="1.0" encoding="UTF-8"?>
<!-- Generated by org.testng.reporters.JUnitXMLReporter -->
<testsuite ignored="0" hostname="LAPTOP-42USQQ8O" failures="1" tests="12" name="Default test" time="16.436" errors="0" timestamp="2024-12-21T12:52:32 IST">
  <testcase classname="api.test.DDTests" name="testPotuser" time="3.374"/>
  <testcase classname="api.test.DDTests" name="testPotuser" time="1.281"/>
  <testcase classname="api.test.DDTests" name="testPotuser" time="1.116"/>
  <testcase classname="api.test.DDTests" name="testPotuser" time="1.236"/>
  <testcase classname="api.test.DDTests" name="testPotuser" time="1.229"/>
  <testcase classname="api.test.DDTests" name="testPotuser" time="1.228"/>
  <testcase classname="api.test.DDTests" name="testPotuser" time="1.117"/>
  <testcase classname="api.test.DDTests" name="testPotuser" time="1.124"/>
  <testcase classname="api.test.DDTests" name="testPotuser" time="1.126"/>
  <testcase classname="api.test.DDTests" name="testPotuser" time="1.132"/>
  <testcase classname="api.test.DDTests" name="testPotuser" time="0.0">
    <failure type="java.lang.NumberFormatException" message="Cannot parse null string">
      <![CDATA[java.lang.NumberFormatException: Cannot parse null string
at java.base/java.lang.Integer.parseInt(Integer.java:630)
at java.base/java.lang.Integer.parseInt(Integer.java:786)
at api.test.DDTests.testPotuser(DDTests.java:20)
at java.base/jdk.internal.reflect.NativeMethodAccessorImpl.invoke0(Native Method)
at java.base/jdk.internal.reflect.NativeMethodAccessorImpl.invoke(NativeMethodAccessorImpl.java:77)
at java.base/jdk.internal.reflect.DelegatingMethodAccessorImpl.invoke(DelegatingMethodAccessorImpl.java:43)
at java.base/java.lang.reflect.Method.invoke(Method.java:568)
at org.testng.internal.MethodInvocationHelper.invokeMethod(MethodInvocationHelper.java:133)
at org.testng.internal.TestInvoker.invokeMethod(TestInvoker.java:598)
at org.testng.internal.TestInvoker.invokeTestMethod(TestInvoker.java:173)
at org.testng.internal.MethodRunner.runInSequence(MethodRunner.java:46)
at org.testng.internal.TestInvoker$MethodInvocationAgent.invoke(TestInvoker.java:824)
at org.testng.internal.TestInvoker.invokeTestMethods(TestInvoker.java:146)
at org.testng.internal.TestMethodWorker.invokeTestMethods(TestMethodWorker.java:146)
at org.testng.internal.TestMethodWorker.run(TestMethodWorker.java:128)
at java.base/java.util.ArrayList.forEach(ArrayList.java:1511)
at org.testng.TestRunner.privateRun(TestRunner.java:794)
at org.testng.TestRunner.run(TestRunner.java:596)
at org.testng.SuiteRunner.runTest(SuiteRunner.java:377)
at org.testng.SuiteRunner.runSequentially(SuiteRunner.java:371)
at org.testng.SuiteRunner.privateRun(SuiteRunner.java:332)
at org.testng.SuiteRunner.run(SuiteRunner.java:276)
at org.testng.SuiteRunnerWorker.runSuite(SuiteRunnerWorker.java:53)
at org.testng.SuiteRunnerWorker.run(SuiteRunnerWorker.java:96)
at org.testng.TestNG.runSuitesSequentially(TestNG.java:1212)
at org.testng.TestNG.runSuitesLocally(TestNG.java:1134)
at org.testng.TestNG.runSuites(TestNG.java:1063)
at org.testng.TestNG.run(TestNG.java:1031)
at org.testng.remote.AbstractRemoteTestNG.run(AbstractRemoteTestNG.java:115)
at org.testng.remote.RemoteTestNG.initAndRun(RemoteTestNG.java:251)
at org.testng.remote.RemoteTestNG.main(RemoteTestNG.java:77)
]]>
    </failure>
  </testcase> <!-- testPotuser -->
  <testcase classname="api.test.DDTests" name="testDeleteUserByName" time="0.0">
    <skipped/>
  </testcase> <!-- testDeleteUserByName -->
</testsuite> <!-- Default test -->
