<?xml version="1.0" encoding="UTF-8"?>
<!-- Generated by org.testng.reporters.JUnitXMLReporter -->
<testsuite ignored="0" hostname="LAPTOP-42USQQ8O" failures="0" tests="4" name="Test" time="10.275" errors="0" timestamp="2024-12-22T09:03:09 IST">
  <testcase classname="api.test.UserTests2" name="testPostUser" time="4.095"/>
  <testcase classname="api.test.UserTests2" name="testGetUserByName" time="1.134"/>
  <testcase classname="api.test.UserTests2" name="testUpdateUserByName" time="2.236"/>
  <testcase classname="api.test.UserTests2" name="testDeleteUserByName" time="1.137"/>
</testsuite> <!-- Test -->
