<?xml version="1.0" encoding="UTF-8"?>
<!-- Generated by org.testng.reporters.JUnitXMLReporter -->
<testsuite ignored="0" hostname="LAPTOP-42USQQ8O" failures="0" tests="4" name="Test" time="7.812" errors="0" timestamp="2024-12-22T12:15:13 IST">
  <testcase classname="api.test.UserTests2" name="testPostUser" time="2.655"/>
  <testcase classname="api.test.UserTests2" name="testGetUserByName" time="1.115"/>
  <testcase classname="api.test.UserTests2" name="testUpdateUserByName" time="2.115"/>
  <testcase classname="api.test.UserTests2" name="testDeleteUserByName" time="1.035"/>
</testsuite> <!-- Test -->
