<?xml version="1.0" encoding="UTF-8"?>
<testng-results ignored="0" total="4" passed="4" failed="0" skipped="0">
  <reporter-output>
  </reporter-output>
  <suite started-at="2024-12-22T09:02:59 IST" name="Suite" finished-at="2024-12-22T09:03:09 IST" duration-ms="10275">
    <groups>
    </groups>
    <test started-at="2024-12-22T09:02:59 IST" name="Test" finished-at="2024-12-22T09:03:09 IST" duration-ms="10275">
      <class name="api.test.UserTests2">
        <test-method is-config="true" signature="setupData()[pri:0, instance:api.test.UserTests2@2fb3536e]" started-at="2024-12-22T09:03:00 IST" name="setupData" finished-at="2024-12-22T09:03:01 IST" duration-ms="1007" status="PASS">
          <reporter-output>
          </reporter-output>
        </test-method> <!-- setupData -->
        <test-method signature="testPostUser()[pri:1, instance:api.test.UserTests2@2fb3536e]" started-at="2024-12-22T09:03:01 IST" name="testPostUser" finished-at="2024-12-22T09:03:05 IST" duration-ms="4095" status="PASS">
          <reporter-output>
          </reporter-output>
        </test-method> <!-- testPostUser -->
        <test-method signature="testGetUserByName()[pri:2, instance:api.test.UserTests2@2fb3536e]" started-at="2024-12-22T09:03:05 IST" name="testGetUserByName" finished-at="2024-12-22T09:03:06 IST" duration-ms="1134" status="PASS">
          <reporter-output>
          </reporter-output>
        </test-method> <!-- testGetUserByName -->
        <test-method signature="testUpdateUserByName()[pri:3, instance:api.test.UserTests2@2fb3536e]" started-at="2024-12-22T09:03:06 IST" name="testUpdateUserByName" finished-at="2024-12-22T09:03:08 IST" duration-ms="2236" status="PASS">
          <reporter-output>
          </reporter-output>
        </test-method> <!-- testUpdateUserByName -->
        <test-method signature="testDeleteUserByName()[pri:4, instance:api.test.UserTests2@2fb3536e]" started-at="2024-12-22T09:03:08 IST" name="testDeleteUserByName" finished-at="2024-12-22T09:03:09 IST" duration-ms="1137" status="PASS">
          <reporter-output>
          </reporter-output>
        </test-method> <!-- testDeleteUserByName -->
      </class> <!-- api.test.UserTests2 -->
    </test> <!-- Test -->
  </suite> <!-- Suite -->
</testng-results>
